[2026-01-09T08:29:38.073+0000] {processor.py:161} INFO - Started process (PID=39662) to work on /opt/airflow/dags/arsenal_smart_match_scraper.py
[2026-01-09T08:29:38.076+0000] {processor.py:830} INFO - Processing file /opt/airflow/dags/arsenal_smart_match_scraper.py for tasks to queue
[2026-01-09T08:29:38.079+0000] {logging_mixin.py:188} INFO - [2026-01-09T08:29:38.078+0000] {dagbag.py:538} INFO - Filling up the DagBag from /opt/airflow/dags/arsenal_smart_match_scraper.py
[2026-01-09T08:29:38.281+0000] {processor.py:840} INFO - DAG(s) 'arsenal_smart_match_scraper' retrieved from /opt/airflow/dags/arsenal_smart_match_scraper.py
[2026-01-09T08:29:38.367+0000] {logging_mixin.py:188} INFO - [2026-01-09T08:29:38.366+0000] {dag.py:3036} INFO - Sync 1 DAGs
[2026-01-09T08:29:38.452+0000] {logging_mixin.py:188} INFO - [2026-01-09T08:29:38.451+0000] {dag.py:3823} INFO - Setting next_dagrun for arsenal_smart_match_scraper to 2026-01-09 00:00:00+00:00, run_after=2026-01-09 06:00:00+00:00
[2026-01-09T08:29:40.184+0000] {processor.py:183} INFO - Processing /opt/airflow/dags/arsenal_smart_match_scraper.py took 2.121 seconds
[2026-01-09T08:30:10.686+0000] {processor.py:161} INFO - Started process (PID=39691) to work on /opt/airflow/dags/arsenal_smart_match_scraper.py
[2026-01-09T08:30:10.719+0000] {processor.py:830} INFO - Processing file /opt/airflow/dags/arsenal_smart_match_scraper.py for tasks to queue
[2026-01-09T08:30:10.721+0000] {logging_mixin.py:188} INFO - [2026-01-09T08:30:10.721+0000] {dagbag.py:538} INFO - Filling up the DagBag from /opt/airflow/dags/arsenal_smart_match_scraper.py
[2026-01-09T08:30:10.916+0000] {processor.py:840} INFO - DAG(s) 'arsenal_smart_match_scraper' retrieved from /opt/airflow/dags/arsenal_smart_match_scraper.py
[2026-01-09T08:30:10.997+0000] {logging_mixin.py:188} INFO - [2026-01-09T08:30:10.996+0000] {dag.py:3036} INFO - Sync 1 DAGs
[2026-01-09T08:30:11.073+0000] {logging_mixin.py:188} INFO - [2026-01-09T08:30:11.072+0000] {dag.py:3823} INFO - Setting next_dagrun for arsenal_smart_match_scraper to 2026-01-09 00:00:00+00:00, run_after=2026-01-09 06:00:00+00:00
[2026-01-09T08:30:11.931+0000] {processor.py:183} INFO - Processing /opt/airflow/dags/arsenal_smart_match_scraper.py took 1.253 seconds
[2026-01-09T08:30:42.244+0000] {processor.py:161} INFO - Started process (PID=39712) to work on /opt/airflow/dags/arsenal_smart_match_scraper.py
[2026-01-09T08:30:42.246+0000] {processor.py:830} INFO - Processing file /opt/airflow/dags/arsenal_smart_match_scraper.py for tasks to queue
[2026-01-09T08:30:42.249+0000] {logging_mixin.py:188} INFO - [2026-01-09T08:30:42.247+0000] {dagbag.py:538} INFO - Filling up the DagBag from /opt/airflow/dags/arsenal_smart_match_scraper.py
[2026-01-09T08:30:42.435+0000] {processor.py:840} INFO - DAG(s) 'arsenal_smart_match_scraper' retrieved from /opt/airflow/dags/arsenal_smart_match_scraper.py
[2026-01-09T08:30:42.513+0000] {logging_mixin.py:188} INFO - [2026-01-09T08:30:42.513+0000] {dag.py:3036} INFO - Sync 1 DAGs
[2026-01-09T08:30:42.587+0000] {logging_mixin.py:188} INFO - [2026-01-09T08:30:42.587+0000] {dag.py:3823} INFO - Setting next_dagrun for arsenal_smart_match_scraper to 2026-01-09 00:00:00+00:00, run_after=2026-01-09 06:00:00+00:00
[2026-01-09T08:30:42.687+0000] {processor.py:183} INFO - Processing /opt/airflow/dags/arsenal_smart_match_scraper.py took 0.451 seconds
[2026-01-09T08:31:12.954+0000] {processor.py:161} INFO - Started process (PID=39733) to work on /opt/airflow/dags/arsenal_smart_match_scraper.py
[2026-01-09T08:31:12.956+0000] {processor.py:830} INFO - Processing file /opt/airflow/dags/arsenal_smart_match_scraper.py for tasks to queue
[2026-01-09T08:31:12.959+0000] {logging_mixin.py:188} INFO - [2026-01-09T08:31:12.958+0000] {dagbag.py:538} INFO - Filling up the DagBag from /opt/airflow/dags/arsenal_smart_match_scraper.py
[2026-01-09T08:31:13.144+0000] {processor.py:840} INFO - DAG(s) 'arsenal_smart_match_scraper' retrieved from /opt/airflow/dags/arsenal_smart_match_scraper.py
[2026-01-09T08:31:13.217+0000] {logging_mixin.py:188} INFO - [2026-01-09T08:31:13.216+0000] {dag.py:3036} INFO - Sync 1 DAGs
[2026-01-09T08:31:13.285+0000] {logging_mixin.py:188} INFO - [2026-01-09T08:31:13.284+0000] {dag.py:3823} INFO - Setting next_dagrun for arsenal_smart_match_scraper to 2026-01-09 00:00:00+00:00, run_after=2026-01-09 06:00:00+00:00
[2026-01-09T08:31:13.388+0000] {processor.py:183} INFO - Processing /opt/airflow/dags/arsenal_smart_match_scraper.py took 0.442 seconds
[2026-01-09T08:31:43.646+0000] {processor.py:161} INFO - Started process (PID=39754) to work on /opt/airflow/dags/arsenal_smart_match_scraper.py
[2026-01-09T08:31:43.648+0000] {processor.py:830} INFO - Processing file /opt/airflow/dags/arsenal_smart_match_scraper.py for tasks to queue
[2026-01-09T08:31:43.650+0000] {logging_mixin.py:188} INFO - [2026-01-09T08:31:43.649+0000] {dagbag.py:538} INFO - Filling up the DagBag from /opt/airflow/dags/arsenal_smart_match_scraper.py
[2026-01-09T08:31:43.824+0000] {processor.py:840} INFO - DAG(s) 'arsenal_smart_match_scraper' retrieved from /opt/airflow/dags/arsenal_smart_match_scraper.py
[2026-01-09T08:31:43.905+0000] {logging_mixin.py:188} INFO - [2026-01-09T08:31:43.904+0000] {dag.py:3036} INFO - Sync 1 DAGs
[2026-01-09T08:31:43.973+0000] {logging_mixin.py:188} INFO - [2026-01-09T08:31:43.973+0000] {dag.py:3823} INFO - Setting next_dagrun for arsenal_smart_match_scraper to 2026-01-09 00:00:00+00:00, run_after=2026-01-09 06:00:00+00:00
[2026-01-09T08:31:44.129+0000] {processor.py:183} INFO - Processing /opt/airflow/dags/arsenal_smart_match_scraper.py took 0.491 seconds
[2026-01-09T08:32:14.378+0000] {processor.py:161} INFO - Started process (PID=39775) to work on /opt/airflow/dags/arsenal_smart_match_scraper.py
[2026-01-09T08:32:14.380+0000] {processor.py:830} INFO - Processing file /opt/airflow/dags/arsenal_smart_match_scraper.py for tasks to queue
[2026-01-09T08:32:14.382+0000] {logging_mixin.py:188} INFO - [2026-01-09T08:32:14.381+0000] {dagbag.py:538} INFO - Filling up the DagBag from /opt/airflow/dags/arsenal_smart_match_scraper.py
[2026-01-09T08:32:14.555+0000] {processor.py:840} INFO - DAG(s) 'arsenal_smart_match_scraper' retrieved from /opt/airflow/dags/arsenal_smart_match_scraper.py
[2026-01-09T08:32:14.626+0000] {logging_mixin.py:188} INFO - [2026-01-09T08:32:14.626+0000] {dag.py:3036} INFO - Sync 1 DAGs
[2026-01-09T08:32:14.693+0000] {logging_mixin.py:188} INFO - [2026-01-09T08:32:14.693+0000] {dag.py:3823} INFO - Setting next_dagrun for arsenal_smart_match_scraper to 2026-01-09 00:00:00+00:00, run_after=2026-01-09 06:00:00+00:00
[2026-01-09T08:32:14.813+0000] {processor.py:183} INFO - Processing /opt/airflow/dags/arsenal_smart_match_scraper.py took 0.443 seconds
[2026-01-09T08:32:45.078+0000] {processor.py:161} INFO - Started process (PID=39796) to work on /opt/airflow/dags/arsenal_smart_match_scraper.py
[2026-01-09T08:32:45.079+0000] {processor.py:830} INFO - Processing file /opt/airflow/dags/arsenal_smart_match_scraper.py for tasks to queue
[2026-01-09T08:32:45.082+0000] {logging_mixin.py:188} INFO - [2026-01-09T08:32:45.081+0000] {dagbag.py:538} INFO - Filling up the DagBag from /opt/airflow/dags/arsenal_smart_match_scraper.py
[2026-01-09T08:32:45.249+0000] {processor.py:840} INFO - DAG(s) 'arsenal_smart_match_scraper' retrieved from /opt/airflow/dags/arsenal_smart_match_scraper.py
[2026-01-09T08:32:45.323+0000] {logging_mixin.py:188} INFO - [2026-01-09T08:32:45.322+0000] {dag.py:3036} INFO - Sync 1 DAGs
[2026-01-09T08:32:45.387+0000] {logging_mixin.py:188} INFO - [2026-01-09T08:32:45.386+0000] {dag.py:3823} INFO - Setting next_dagrun for arsenal_smart_match_scraper to 2026-01-09 00:00:00+00:00, run_after=2026-01-09 06:00:00+00:00
[2026-01-09T08:32:45.512+0000] {processor.py:183} INFO - Processing /opt/airflow/dags/arsenal_smart_match_scraper.py took 0.442 seconds
[2026-01-09T08:33:15.759+0000] {processor.py:161} INFO - Started process (PID=39817) to work on /opt/airflow/dags/arsenal_smart_match_scraper.py
[2026-01-09T08:33:15.761+0000] {processor.py:830} INFO - Processing file /opt/airflow/dags/arsenal_smart_match_scraper.py for tasks to queue
[2026-01-09T08:33:15.764+0000] {logging_mixin.py:188} INFO - [2026-01-09T08:33:15.763+0000] {dagbag.py:538} INFO - Filling up the DagBag from /opt/airflow/dags/arsenal_smart_match_scraper.py
[2026-01-09T08:33:15.931+0000] {processor.py:840} INFO - DAG(s) 'arsenal_smart_match_scraper' retrieved from /opt/airflow/dags/arsenal_smart_match_scraper.py
[2026-01-09T08:33:16.002+0000] {logging_mixin.py:188} INFO - [2026-01-09T08:33:16.001+0000] {dag.py:3036} INFO - Sync 1 DAGs
[2026-01-09T08:33:16.069+0000] {logging_mixin.py:188} INFO - [2026-01-09T08:33:16.068+0000] {dag.py:3823} INFO - Setting next_dagrun for arsenal_smart_match_scraper to 2026-01-09 00:00:00+00:00, run_after=2026-01-09 06:00:00+00:00
[2026-01-09T08:33:16.160+0000] {processor.py:183} INFO - Processing /opt/airflow/dags/arsenal_smart_match_scraper.py took 0.409 seconds
[2026-01-09T08:33:46.422+0000] {processor.py:161} INFO - Started process (PID=39838) to work on /opt/airflow/dags/arsenal_smart_match_scraper.py
[2026-01-09T08:33:46.424+0000] {processor.py:830} INFO - Processing file /opt/airflow/dags/arsenal_smart_match_scraper.py for tasks to queue
[2026-01-09T08:33:46.426+0000] {logging_mixin.py:188} INFO - [2026-01-09T08:33:46.425+0000] {dagbag.py:538} INFO - Filling up the DagBag from /opt/airflow/dags/arsenal_smart_match_scraper.py
[2026-01-09T08:33:46.599+0000] {processor.py:840} INFO - DAG(s) 'arsenal_smart_match_scraper' retrieved from /opt/airflow/dags/arsenal_smart_match_scraper.py
[2026-01-09T08:33:46.669+0000] {logging_mixin.py:188} INFO - [2026-01-09T08:33:46.668+0000] {dag.py:3036} INFO - Sync 1 DAGs
[2026-01-09T08:33:46.732+0000] {logging_mixin.py:188} INFO - [2026-01-09T08:33:46.731+0000] {dag.py:3823} INFO - Setting next_dagrun for arsenal_smart_match_scraper to 2026-01-09 00:00:00+00:00, run_after=2026-01-09 06:00:00+00:00
[2026-01-09T08:33:46.805+0000] {processor.py:183} INFO - Processing /opt/airflow/dags/arsenal_smart_match_scraper.py took 0.391 seconds
[2026-01-09T08:34:17.058+0000] {processor.py:161} INFO - Started process (PID=39859) to work on /opt/airflow/dags/arsenal_smart_match_scraper.py
[2026-01-09T08:34:17.060+0000] {processor.py:830} INFO - Processing file /opt/airflow/dags/arsenal_smart_match_scraper.py for tasks to queue
[2026-01-09T08:34:17.062+0000] {logging_mixin.py:188} INFO - [2026-01-09T08:34:17.061+0000] {dagbag.py:538} INFO - Filling up the DagBag from /opt/airflow/dags/arsenal_smart_match_scraper.py
[2026-01-09T08:34:17.226+0000] {processor.py:840} INFO - DAG(s) 'arsenal_smart_match_scraper' retrieved from /opt/airflow/dags/arsenal_smart_match_scraper.py
[2026-01-09T08:34:17.293+0000] {logging_mixin.py:188} INFO - [2026-01-09T08:34:17.293+0000] {dag.py:3036} INFO - Sync 1 DAGs
[2026-01-09T08:34:17.358+0000] {logging_mixin.py:188} INFO - [2026-01-09T08:34:17.357+0000] {dag.py:3823} INFO - Setting next_dagrun for arsenal_smart_match_scraper to 2026-01-09 00:00:00+00:00, run_after=2026-01-09 06:00:00+00:00
[2026-01-09T08:34:17.438+0000] {processor.py:183} INFO - Processing /opt/airflow/dags/arsenal_smart_match_scraper.py took 0.388 seconds
[2026-01-09T08:34:47.721+0000] {processor.py:161} INFO - Started process (PID=39880) to work on /opt/airflow/dags/arsenal_smart_match_scraper.py
[2026-01-09T08:34:47.723+0000] {processor.py:830} INFO - Processing file /opt/airflow/dags/arsenal_smart_match_scraper.py for tasks to queue
[2026-01-09T08:34:47.725+0000] {logging_mixin.py:188} INFO - [2026-01-09T08:34:47.724+0000] {dagbag.py:538} INFO - Filling up the DagBag from /opt/airflow/dags/arsenal_smart_match_scraper.py
[2026-01-09T08:34:47.891+0000] {processor.py:840} INFO - DAG(s) 'arsenal_smart_match_scraper' retrieved from /opt/airflow/dags/arsenal_smart_match_scraper.py
[2026-01-09T08:34:47.958+0000] {logging_mixin.py:188} INFO - [2026-01-09T08:34:47.958+0000] {dag.py:3036} INFO - Sync 1 DAGs
[2026-01-09T08:34:48.025+0000] {logging_mixin.py:188} INFO - [2026-01-09T08:34:48.024+0000] {dag.py:3823} INFO - Setting next_dagrun for arsenal_smart_match_scraper to 2026-01-09 00:00:00+00:00, run_after=2026-01-09 06:00:00+00:00
[2026-01-09T08:34:48.979+0000] {processor.py:183} INFO - Processing /opt/airflow/dags/arsenal_smart_match_scraper.py took 1.266 seconds
[2026-01-09T08:35:19.220+0000] {processor.py:161} INFO - Started process (PID=39901) to work on /opt/airflow/dags/arsenal_smart_match_scraper.py
[2026-01-09T08:35:19.222+0000] {processor.py:830} INFO - Processing file /opt/airflow/dags/arsenal_smart_match_scraper.py for tasks to queue
[2026-01-09T08:35:19.225+0000] {logging_mixin.py:188} INFO - [2026-01-09T08:35:19.224+0000] {dagbag.py:538} INFO - Filling up the DagBag from /opt/airflow/dags/arsenal_smart_match_scraper.py
[2026-01-09T08:35:19.402+0000] {processor.py:840} INFO - DAG(s) 'arsenal_smart_match_scraper' retrieved from /opt/airflow/dags/arsenal_smart_match_scraper.py
[2026-01-09T08:35:19.475+0000] {logging_mixin.py:188} INFO - [2026-01-09T08:35:19.475+0000] {dag.py:3036} INFO - Sync 1 DAGs
[2026-01-09T08:35:19.545+0000] {logging_mixin.py:188} INFO - [2026-01-09T08:35:19.544+0000] {dag.py:3823} INFO - Setting next_dagrun for arsenal_smart_match_scraper to 2026-01-09 00:00:00+00:00, run_after=2026-01-09 06:00:00+00:00
[2026-01-09T08:35:20.196+0000] {processor.py:183} INFO - Processing /opt/airflow/dags/arsenal_smart_match_scraper.py took 0.983 seconds
[2026-01-09T08:35:50.464+0000] {processor.py:161} INFO - Started process (PID=39922) to work on /opt/airflow/dags/arsenal_smart_match_scraper.py
[2026-01-09T08:35:50.466+0000] {processor.py:830} INFO - Processing file /opt/airflow/dags/arsenal_smart_match_scraper.py for tasks to queue
[2026-01-09T08:35:50.468+0000] {logging_mixin.py:188} INFO - [2026-01-09T08:35:50.467+0000] {dagbag.py:538} INFO - Filling up the DagBag from /opt/airflow/dags/arsenal_smart_match_scraper.py
[2026-01-09T08:35:50.633+0000] {processor.py:840} INFO - DAG(s) 'arsenal_smart_match_scraper' retrieved from /opt/airflow/dags/arsenal_smart_match_scraper.py
[2026-01-09T08:35:50.698+0000] {logging_mixin.py:188} INFO - [2026-01-09T08:35:50.697+0000] {dag.py:3036} INFO - Sync 1 DAGs
[2026-01-09T08:35:50.760+0000] {logging_mixin.py:188} INFO - [2026-01-09T08:35:50.759+0000] {dag.py:3823} INFO - Setting next_dagrun for arsenal_smart_match_scraper to 2026-01-09 00:00:00+00:00, run_after=2026-01-09 06:00:00+00:00
[2026-01-09T08:35:50.827+0000] {processor.py:183} INFO - Processing /opt/airflow/dags/arsenal_smart_match_scraper.py took 0.370 seconds
[2026-01-09T08:36:21.074+0000] {processor.py:161} INFO - Started process (PID=39943) to work on /opt/airflow/dags/arsenal_smart_match_scraper.py
[2026-01-09T08:36:21.076+0000] {processor.py:830} INFO - Processing file /opt/airflow/dags/arsenal_smart_match_scraper.py for tasks to queue
[2026-01-09T08:36:21.078+0000] {logging_mixin.py:188} INFO - [2026-01-09T08:36:21.077+0000] {dagbag.py:538} INFO - Filling up the DagBag from /opt/airflow/dags/arsenal_smart_match_scraper.py
[2026-01-09T08:36:21.242+0000] {processor.py:840} INFO - DAG(s) 'arsenal_smart_match_scraper' retrieved from /opt/airflow/dags/arsenal_smart_match_scraper.py
[2026-01-09T08:36:21.309+0000] {logging_mixin.py:188} INFO - [2026-01-09T08:36:21.308+0000] {dag.py:3036} INFO - Sync 1 DAGs
[2026-01-09T08:36:21.379+0000] {logging_mixin.py:188} INFO - [2026-01-09T08:36:21.378+0000] {dag.py:3823} INFO - Setting next_dagrun for arsenal_smart_match_scraper to 2026-01-09 00:00:00+00:00, run_after=2026-01-09 06:00:00+00:00
[2026-01-09T08:36:21.471+0000] {processor.py:183} INFO - Processing /opt/airflow/dags/arsenal_smart_match_scraper.py took 0.405 seconds
[2026-01-09T08:36:51.715+0000] {processor.py:161} INFO - Started process (PID=39964) to work on /opt/airflow/dags/arsenal_smart_match_scraper.py
[2026-01-09T08:36:51.717+0000] {processor.py:830} INFO - Processing file /opt/airflow/dags/arsenal_smart_match_scraper.py for tasks to queue
[2026-01-09T08:36:51.719+0000] {logging_mixin.py:188} INFO - [2026-01-09T08:36:51.718+0000] {dagbag.py:538} INFO - Filling up the DagBag from /opt/airflow/dags/arsenal_smart_match_scraper.py
[2026-01-09T08:36:51.897+0000] {processor.py:840} INFO - DAG(s) 'arsenal_smart_match_scraper' retrieved from /opt/airflow/dags/arsenal_smart_match_scraper.py
[2026-01-09T08:36:51.963+0000] {logging_mixin.py:188} INFO - [2026-01-09T08:36:51.963+0000] {dag.py:3036} INFO - Sync 1 DAGs
[2026-01-09T08:36:52.028+0000] {logging_mixin.py:188} INFO - [2026-01-09T08:36:52.027+0000] {dag.py:3823} INFO - Setting next_dagrun for arsenal_smart_match_scraper to 2026-01-09 00:00:00+00:00, run_after=2026-01-09 06:00:00+00:00
[2026-01-09T08:36:53.336+0000] {processor.py:183} INFO - Processing /opt/airflow/dags/arsenal_smart_match_scraper.py took 1.629 seconds
[2026-01-09T08:37:23.599+0000] {processor.py:161} INFO - Started process (PID=39985) to work on /opt/airflow/dags/arsenal_smart_match_scraper.py
[2026-01-09T08:37:23.602+0000] {processor.py:830} INFO - Processing file /opt/airflow/dags/arsenal_smart_match_scraper.py for tasks to queue
[2026-01-09T08:37:23.604+0000] {logging_mixin.py:188} INFO - [2026-01-09T08:37:23.603+0000] {dagbag.py:538} INFO - Filling up the DagBag from /opt/airflow/dags/arsenal_smart_match_scraper.py
[2026-01-09T08:37:23.769+0000] {processor.py:840} INFO - DAG(s) 'arsenal_smart_match_scraper' retrieved from /opt/airflow/dags/arsenal_smart_match_scraper.py
[2026-01-09T08:37:23.835+0000] {logging_mixin.py:188} INFO - [2026-01-09T08:37:23.835+0000] {dag.py:3036} INFO - Sync 1 DAGs
[2026-01-09T08:37:23.903+0000] {logging_mixin.py:188} INFO - [2026-01-09T08:37:23.902+0000] {dag.py:3823} INFO - Setting next_dagrun for arsenal_smart_match_scraper to 2026-01-09 00:00:00+00:00, run_after=2026-01-09 06:00:00+00:00
[2026-01-09T08:37:23.968+0000] {processor.py:183} INFO - Processing /opt/airflow/dags/arsenal_smart_match_scraper.py took 0.378 seconds
[2026-01-09T08:37:54.224+0000] {processor.py:161} INFO - Started process (PID=40006) to work on /opt/airflow/dags/arsenal_smart_match_scraper.py
[2026-01-09T08:37:54.226+0000] {processor.py:830} INFO - Processing file /opt/airflow/dags/arsenal_smart_match_scraper.py for tasks to queue
[2026-01-09T08:37:54.229+0000] {logging_mixin.py:188} INFO - [2026-01-09T08:37:54.228+0000] {dagbag.py:538} INFO - Filling up the DagBag from /opt/airflow/dags/arsenal_smart_match_scraper.py
[2026-01-09T08:37:54.420+0000] {processor.py:840} INFO - DAG(s) 'arsenal_smart_match_scraper' retrieved from /opt/airflow/dags/arsenal_smart_match_scraper.py
[2026-01-09T08:37:54.491+0000] {logging_mixin.py:188} INFO - [2026-01-09T08:37:54.490+0000] {dag.py:3036} INFO - Sync 1 DAGs
[2026-01-09T08:37:54.561+0000] {logging_mixin.py:188} INFO - [2026-01-09T08:37:54.560+0000] {dag.py:3823} INFO - Setting next_dagrun for arsenal_smart_match_scraper to 2026-01-09 00:00:00+00:00, run_after=2026-01-09 06:00:00+00:00
[2026-01-09T08:37:54.632+0000] {processor.py:183} INFO - Processing /opt/airflow/dags/arsenal_smart_match_scraper.py took 0.419 seconds
[2026-01-09T08:38:24.874+0000] {processor.py:161} INFO - Started process (PID=40027) to work on /opt/airflow/dags/arsenal_smart_match_scraper.py
[2026-01-09T08:38:24.877+0000] {processor.py:830} INFO - Processing file /opt/airflow/dags/arsenal_smart_match_scraper.py for tasks to queue
[2026-01-09T08:38:24.879+0000] {logging_mixin.py:188} INFO - [2026-01-09T08:38:24.878+0000] {dagbag.py:538} INFO - Filling up the DagBag from /opt/airflow/dags/arsenal_smart_match_scraper.py
[2026-01-09T08:38:25.040+0000] {processor.py:840} INFO - DAG(s) 'arsenal_smart_match_scraper' retrieved from /opt/airflow/dags/arsenal_smart_match_scraper.py
[2026-01-09T08:38:25.108+0000] {logging_mixin.py:188} INFO - [2026-01-09T08:38:25.107+0000] {dag.py:3036} INFO - Sync 1 DAGs
[2026-01-09T08:38:25.169+0000] {logging_mixin.py:188} INFO - [2026-01-09T08:38:25.169+0000] {dag.py:3823} INFO - Setting next_dagrun for arsenal_smart_match_scraper to 2026-01-09 00:00:00+00:00, run_after=2026-01-09 06:00:00+00:00
[2026-01-09T08:38:25.237+0000] {processor.py:183} INFO - Processing /opt/airflow/dags/arsenal_smart_match_scraper.py took 0.371 seconds
[2026-01-09T08:38:55.490+0000] {processor.py:161} INFO - Started process (PID=40048) to work on /opt/airflow/dags/arsenal_smart_match_scraper.py
[2026-01-09T08:38:55.493+0000] {processor.py:830} INFO - Processing file /opt/airflow/dags/arsenal_smart_match_scraper.py for tasks to queue
[2026-01-09T08:38:55.495+0000] {logging_mixin.py:188} INFO - [2026-01-09T08:38:55.494+0000] {dagbag.py:538} INFO - Filling up the DagBag from /opt/airflow/dags/arsenal_smart_match_scraper.py
[2026-01-09T08:38:55.659+0000] {processor.py:840} INFO - DAG(s) 'arsenal_smart_match_scraper' retrieved from /opt/airflow/dags/arsenal_smart_match_scraper.py
[2026-01-09T08:38:55.726+0000] {logging_mixin.py:188} INFO - [2026-01-09T08:38:55.726+0000] {dag.py:3036} INFO - Sync 1 DAGs
[2026-01-09T08:38:55.790+0000] {logging_mixin.py:188} INFO - [2026-01-09T08:38:55.790+0000] {dag.py:3823} INFO - Setting next_dagrun for arsenal_smart_match_scraper to 2026-01-09 00:00:00+00:00, run_after=2026-01-09 06:00:00+00:00
[2026-01-09T08:38:55.865+0000] {processor.py:183} INFO - Processing /opt/airflow/dags/arsenal_smart_match_scraper.py took 0.383 seconds
[2026-01-09T08:39:26.098+0000] {processor.py:161} INFO - Started process (PID=40069) to work on /opt/airflow/dags/arsenal_smart_match_scraper.py
[2026-01-09T08:39:26.100+0000] {processor.py:830} INFO - Processing file /opt/airflow/dags/arsenal_smart_match_scraper.py for tasks to queue
[2026-01-09T08:39:26.102+0000] {logging_mixin.py:188} INFO - [2026-01-09T08:39:26.101+0000] {dagbag.py:538} INFO - Filling up the DagBag from /opt/airflow/dags/arsenal_smart_match_scraper.py
[2026-01-09T08:39:26.264+0000] {processor.py:840} INFO - DAG(s) 'arsenal_smart_match_scraper' retrieved from /opt/airflow/dags/arsenal_smart_match_scraper.py
[2026-01-09T08:39:26.330+0000] {logging_mixin.py:188} INFO - [2026-01-09T08:39:26.330+0000] {dag.py:3036} INFO - Sync 1 DAGs
[2026-01-09T08:39:26.392+0000] {logging_mixin.py:188} INFO - [2026-01-09T08:39:26.391+0000] {dag.py:3823} INFO - Setting next_dagrun for arsenal_smart_match_scraper to 2026-01-09 00:00:00+00:00, run_after=2026-01-09 06:00:00+00:00
[2026-01-09T08:39:26.497+0000] {processor.py:183} INFO - Processing /opt/airflow/dags/arsenal_smart_match_scraper.py took 0.407 seconds
[2026-01-09T08:39:56.779+0000] {processor.py:161} INFO - Started process (PID=40090) to work on /opt/airflow/dags/arsenal_smart_match_scraper.py
[2026-01-09T08:39:56.781+0000] {processor.py:830} INFO - Processing file /opt/airflow/dags/arsenal_smart_match_scraper.py for tasks to queue
[2026-01-09T08:39:56.783+0000] {logging_mixin.py:188} INFO - [2026-01-09T08:39:56.782+0000] {dagbag.py:538} INFO - Filling up the DagBag from /opt/airflow/dags/arsenal_smart_match_scraper.py
[2026-01-09T08:39:56.950+0000] {processor.py:840} INFO - DAG(s) 'arsenal_smart_match_scraper' retrieved from /opt/airflow/dags/arsenal_smart_match_scraper.py
[2026-01-09T08:39:57.014+0000] {logging_mixin.py:188} INFO - [2026-01-09T08:39:57.013+0000] {dag.py:3036} INFO - Sync 1 DAGs
[2026-01-09T08:39:57.077+0000] {logging_mixin.py:188} INFO - [2026-01-09T08:39:57.076+0000] {dag.py:3823} INFO - Setting next_dagrun for arsenal_smart_match_scraper to 2026-01-09 00:00:00+00:00, run_after=2026-01-09 06:00:00+00:00
[2026-01-09T08:39:57.155+0000] {processor.py:183} INFO - Processing /opt/airflow/dags/arsenal_smart_match_scraper.py took 0.384 seconds
[2026-01-09T08:40:27.406+0000] {processor.py:161} INFO - Started process (PID=40111) to work on /opt/airflow/dags/arsenal_smart_match_scraper.py
[2026-01-09T08:40:27.409+0000] {processor.py:830} INFO - Processing file /opt/airflow/dags/arsenal_smart_match_scraper.py for tasks to queue
[2026-01-09T08:40:27.411+0000] {logging_mixin.py:188} INFO - [2026-01-09T08:40:27.410+0000] {dagbag.py:538} INFO - Filling up the DagBag from /opt/airflow/dags/arsenal_smart_match_scraper.py
[2026-01-09T08:40:27.591+0000] {processor.py:840} INFO - DAG(s) 'arsenal_smart_match_scraper' retrieved from /opt/airflow/dags/arsenal_smart_match_scraper.py
[2026-01-09T08:40:27.656+0000] {logging_mixin.py:188} INFO - [2026-01-09T08:40:27.656+0000] {dag.py:3036} INFO - Sync 1 DAGs
[2026-01-09T08:40:27.716+0000] {logging_mixin.py:188} INFO - [2026-01-09T08:40:27.715+0000] {dag.py:3823} INFO - Setting next_dagrun for arsenal_smart_match_scraper to 2026-01-09 00:00:00+00:00, run_after=2026-01-09 06:00:00+00:00
[2026-01-09T08:40:27.801+0000] {processor.py:183} INFO - Processing /opt/airflow/dags/arsenal_smart_match_scraper.py took 0.406 seconds
