[2026-01-09T08:29:40.444+0000] {processor.py:161} INFO - Started process (PID=39678) to work on /opt/airflow/dags/arsenal_auto_match_scraper.py
[2026-01-09T08:29:40.447+0000] {processor.py:830} INFO - Processing file /opt/airflow/dags/arsenal_auto_match_scraper.py for tasks to queue
[2026-01-09T08:29:40.450+0000] {logging_mixin.py:188} INFO - [2026-01-09T08:29:40.449+0000] {dagbag.py:538} INFO - Filling up the DagBag from /opt/airflow/dags/arsenal_auto_match_scraper.py
[2026-01-09T08:29:40.660+0000] {processor.py:840} INFO - DAG(s) 'arsenal_auto_match_scraper' retrieved from /opt/airflow/dags/arsenal_auto_match_scraper.py
[2026-01-09T08:29:40.742+0000] {logging_mixin.py:188} INFO - [2026-01-09T08:29:40.741+0000] {dag.py:3036} INFO - Sync 1 DAGs
[2026-01-09T08:29:40.819+0000] {logging_mixin.py:188} INFO - [2026-01-09T08:29:40.818+0000] {dag.py:3823} INFO - Setting next_dagrun for arsenal_auto_match_scraper to 2026-01-09 06:00:00+00:00, run_after=2026-01-09 08:00:00+00:00
[2026-01-09T08:29:41.003+0000] {processor.py:183} INFO - Processing /opt/airflow/dags/arsenal_auto_match_scraper.py took 0.570 seconds
[2026-01-09T08:30:12.006+0000] {processor.py:161} INFO - Started process (PID=39701) to work on /opt/airflow/dags/arsenal_auto_match_scraper.py
[2026-01-09T08:30:12.009+0000] {processor.py:830} INFO - Processing file /opt/airflow/dags/arsenal_auto_match_scraper.py for tasks to queue
[2026-01-09T08:30:12.011+0000] {logging_mixin.py:188} INFO - [2026-01-09T08:30:12.010+0000] {dagbag.py:538} INFO - Filling up the DagBag from /opt/airflow/dags/arsenal_auto_match_scraper.py
[2026-01-09T08:30:12.169+0000] {processor.py:840} INFO - DAG(s) 'arsenal_auto_match_scraper' retrieved from /opt/airflow/dags/arsenal_auto_match_scraper.py
[2026-01-09T08:30:12.227+0000] {logging_mixin.py:188} INFO - [2026-01-09T08:30:12.227+0000] {dag.py:3036} INFO - Sync 1 DAGs
[2026-01-09T08:30:12.287+0000] {logging_mixin.py:188} INFO - [2026-01-09T08:30:12.287+0000] {dag.py:3823} INFO - Setting next_dagrun for arsenal_auto_match_scraper to 2026-01-09 06:00:00+00:00, run_after=2026-01-09 08:00:00+00:00
[2026-01-09T08:30:12.355+0000] {processor.py:183} INFO - Processing /opt/airflow/dags/arsenal_auto_match_scraper.py took 0.361 seconds
[2026-01-09T08:30:42.715+0000] {processor.py:161} INFO - Started process (PID=39721) to work on /opt/airflow/dags/arsenal_auto_match_scraper.py
[2026-01-09T08:30:42.718+0000] {processor.py:830} INFO - Processing file /opt/airflow/dags/arsenal_auto_match_scraper.py for tasks to queue
[2026-01-09T08:30:42.720+0000] {logging_mixin.py:188} INFO - [2026-01-09T08:30:42.719+0000] {dagbag.py:538} INFO - Filling up the DagBag from /opt/airflow/dags/arsenal_auto_match_scraper.py
[2026-01-09T08:30:42.903+0000] {processor.py:840} INFO - DAG(s) 'arsenal_auto_match_scraper' retrieved from /opt/airflow/dags/arsenal_auto_match_scraper.py
[2026-01-09T08:30:42.961+0000] {logging_mixin.py:188} INFO - [2026-01-09T08:30:42.961+0000] {dag.py:3036} INFO - Sync 1 DAGs
[2026-01-09T08:30:43.020+0000] {logging_mixin.py:188} INFO - [2026-01-09T08:30:43.019+0000] {dag.py:3823} INFO - Setting next_dagrun for arsenal_auto_match_scraper to 2026-01-09 06:00:00+00:00, run_after=2026-01-09 08:00:00+00:00
[2026-01-09T08:30:43.112+0000] {processor.py:183} INFO - Processing /opt/airflow/dags/arsenal_auto_match_scraper.py took 0.406 seconds
[2026-01-09T08:31:13.434+0000] {processor.py:161} INFO - Started process (PID=39743) to work on /opt/airflow/dags/arsenal_auto_match_scraper.py
[2026-01-09T08:31:13.436+0000] {processor.py:830} INFO - Processing file /opt/airflow/dags/arsenal_auto_match_scraper.py for tasks to queue
[2026-01-09T08:31:13.439+0000] {logging_mixin.py:188} INFO - [2026-01-09T08:31:13.438+0000] {dagbag.py:538} INFO - Filling up the DagBag from /opt/airflow/dags/arsenal_auto_match_scraper.py
[2026-01-09T08:31:13.594+0000] {processor.py:840} INFO - DAG(s) 'arsenal_auto_match_scraper' retrieved from /opt/airflow/dags/arsenal_auto_match_scraper.py
[2026-01-09T08:31:13.664+0000] {logging_mixin.py:188} INFO - [2026-01-09T08:31:13.663+0000] {dag.py:3036} INFO - Sync 1 DAGs
[2026-01-09T08:31:13.751+0000] {logging_mixin.py:188} INFO - [2026-01-09T08:31:13.750+0000] {dag.py:3823} INFO - Setting next_dagrun for arsenal_auto_match_scraper to 2026-01-09 06:00:00+00:00, run_after=2026-01-09 08:00:00+00:00
[2026-01-09T08:31:13.883+0000] {processor.py:183} INFO - Processing /opt/airflow/dags/arsenal_auto_match_scraper.py took 0.457 seconds
[2026-01-09T08:31:44.132+0000] {processor.py:161} INFO - Started process (PID=39762) to work on /opt/airflow/dags/arsenal_auto_match_scraper.py
[2026-01-09T08:31:44.136+0000] {processor.py:830} INFO - Processing file /opt/airflow/dags/arsenal_auto_match_scraper.py for tasks to queue
[2026-01-09T08:31:44.138+0000] {logging_mixin.py:188} INFO - [2026-01-09T08:31:44.137+0000] {dagbag.py:538} INFO - Filling up the DagBag from /opt/airflow/dags/arsenal_auto_match_scraper.py
[2026-01-09T08:31:44.288+0000] {processor.py:840} INFO - DAG(s) 'arsenal_auto_match_scraper' retrieved from /opt/airflow/dags/arsenal_auto_match_scraper.py
[2026-01-09T08:31:44.346+0000] {logging_mixin.py:188} INFO - [2026-01-09T08:31:44.345+0000] {dag.py:3036} INFO - Sync 1 DAGs
[2026-01-09T08:31:44.404+0000] {logging_mixin.py:188} INFO - [2026-01-09T08:31:44.403+0000] {dag.py:3823} INFO - Setting next_dagrun for arsenal_auto_match_scraper to 2026-01-09 06:00:00+00:00, run_after=2026-01-09 08:00:00+00:00
[2026-01-09T08:31:44.519+0000] {processor.py:183} INFO - Processing /opt/airflow/dags/arsenal_auto_match_scraper.py took 0.397 seconds
[2026-01-09T08:32:14.811+0000] {processor.py:161} INFO - Started process (PID=39783) to work on /opt/airflow/dags/arsenal_auto_match_scraper.py
[2026-01-09T08:32:14.813+0000] {processor.py:830} INFO - Processing file /opt/airflow/dags/arsenal_auto_match_scraper.py for tasks to queue
[2026-01-09T08:32:14.816+0000] {logging_mixin.py:188} INFO - [2026-01-09T08:32:14.815+0000] {dagbag.py:538} INFO - Filling up the DagBag from /opt/airflow/dags/arsenal_auto_match_scraper.py
[2026-01-09T08:32:14.961+0000] {processor.py:840} INFO - DAG(s) 'arsenal_auto_match_scraper' retrieved from /opt/airflow/dags/arsenal_auto_match_scraper.py
[2026-01-09T08:32:15.022+0000] {logging_mixin.py:188} INFO - [2026-01-09T08:32:15.022+0000] {dag.py:3036} INFO - Sync 1 DAGs
[2026-01-09T08:32:15.089+0000] {logging_mixin.py:188} INFO - [2026-01-09T08:32:15.089+0000] {dag.py:3823} INFO - Setting next_dagrun for arsenal_auto_match_scraper to 2026-01-09 06:00:00+00:00, run_after=2026-01-09 08:00:00+00:00
[2026-01-09T08:32:16.083+0000] {processor.py:183} INFO - Processing /opt/airflow/dags/arsenal_auto_match_scraper.py took 1.281 seconds
[2026-01-09T08:32:46.529+0000] {processor.py:161} INFO - Started process (PID=39806) to work on /opt/airflow/dags/arsenal_auto_match_scraper.py
[2026-01-09T08:32:46.531+0000] {processor.py:830} INFO - Processing file /opt/airflow/dags/arsenal_auto_match_scraper.py for tasks to queue
[2026-01-09T08:32:46.533+0000] {logging_mixin.py:188} INFO - [2026-01-09T08:32:46.532+0000] {dagbag.py:538} INFO - Filling up the DagBag from /opt/airflow/dags/arsenal_auto_match_scraper.py
[2026-01-09T08:32:46.684+0000] {processor.py:840} INFO - DAG(s) 'arsenal_auto_match_scraper' retrieved from /opt/airflow/dags/arsenal_auto_match_scraper.py
[2026-01-09T08:32:46.740+0000] {logging_mixin.py:188} INFO - [2026-01-09T08:32:46.739+0000] {dag.py:3036} INFO - Sync 1 DAGs
[2026-01-09T08:32:46.810+0000] {logging_mixin.py:188} INFO - [2026-01-09T08:32:46.809+0000] {dag.py:3823} INFO - Setting next_dagrun for arsenal_auto_match_scraper to 2026-01-09 06:00:00+00:00, run_after=2026-01-09 08:00:00+00:00
[2026-01-09T08:32:46.885+0000] {processor.py:183} INFO - Processing /opt/airflow/dags/arsenal_auto_match_scraper.py took 0.364 seconds
[2026-01-09T08:33:17.211+0000] {processor.py:161} INFO - Started process (PID=39827) to work on /opt/airflow/dags/arsenal_auto_match_scraper.py
[2026-01-09T08:33:17.213+0000] {processor.py:830} INFO - Processing file /opt/airflow/dags/arsenal_auto_match_scraper.py for tasks to queue
[2026-01-09T08:33:17.214+0000] {logging_mixin.py:188} INFO - [2026-01-09T08:33:17.214+0000] {dagbag.py:538} INFO - Filling up the DagBag from /opt/airflow/dags/arsenal_auto_match_scraper.py
[2026-01-09T08:33:17.355+0000] {processor.py:840} INFO - DAG(s) 'arsenal_auto_match_scraper' retrieved from /opt/airflow/dags/arsenal_auto_match_scraper.py
[2026-01-09T08:33:17.411+0000] {logging_mixin.py:188} INFO - [2026-01-09T08:33:17.410+0000] {dag.py:3036} INFO - Sync 1 DAGs
[2026-01-09T08:33:17.470+0000] {logging_mixin.py:188} INFO - [2026-01-09T08:33:17.470+0000] {dag.py:3823} INFO - Setting next_dagrun for arsenal_auto_match_scraper to 2026-01-09 06:00:00+00:00, run_after=2026-01-09 08:00:00+00:00
[2026-01-09T08:33:17.529+0000] {processor.py:183} INFO - Processing /opt/airflow/dags/arsenal_auto_match_scraper.py took 0.325 seconds
[2026-01-09T08:33:47.860+0000] {processor.py:161} INFO - Started process (PID=39848) to work on /opt/airflow/dags/arsenal_auto_match_scraper.py
[2026-01-09T08:33:47.941+0000] {processor.py:830} INFO - Processing file /opt/airflow/dags/arsenal_auto_match_scraper.py for tasks to queue
[2026-01-09T08:33:47.944+0000] {logging_mixin.py:188} INFO - [2026-01-09T08:33:47.943+0000] {dagbag.py:538} INFO - Filling up the DagBag from /opt/airflow/dags/arsenal_auto_match_scraper.py
[2026-01-09T08:33:48.076+0000] {processor.py:840} INFO - DAG(s) 'arsenal_auto_match_scraper' retrieved from /opt/airflow/dags/arsenal_auto_match_scraper.py
[2026-01-09T08:33:48.127+0000] {logging_mixin.py:188} INFO - [2026-01-09T08:33:48.127+0000] {dag.py:3036} INFO - Sync 1 DAGs
[2026-01-09T08:33:48.178+0000] {logging_mixin.py:188} INFO - [2026-01-09T08:33:48.178+0000] {dag.py:3823} INFO - Setting next_dagrun for arsenal_auto_match_scraper to 2026-01-09 06:00:00+00:00, run_after=2026-01-09 08:00:00+00:00
[2026-01-09T08:33:48.230+0000] {processor.py:183} INFO - Processing /opt/airflow/dags/arsenal_auto_match_scraper.py took 0.376 seconds
[2026-01-09T08:34:18.491+0000] {processor.py:161} INFO - Started process (PID=39869) to work on /opt/airflow/dags/arsenal_auto_match_scraper.py
[2026-01-09T08:34:18.492+0000] {processor.py:830} INFO - Processing file /opt/airflow/dags/arsenal_auto_match_scraper.py for tasks to queue
[2026-01-09T08:34:18.494+0000] {logging_mixin.py:188} INFO - [2026-01-09T08:34:18.493+0000] {dagbag.py:538} INFO - Filling up the DagBag from /opt/airflow/dags/arsenal_auto_match_scraper.py
[2026-01-09T08:34:18.629+0000] {processor.py:840} INFO - DAG(s) 'arsenal_auto_match_scraper' retrieved from /opt/airflow/dags/arsenal_auto_match_scraper.py
[2026-01-09T08:34:18.682+0000] {logging_mixin.py:188} INFO - [2026-01-09T08:34:18.681+0000] {dag.py:3036} INFO - Sync 1 DAGs
[2026-01-09T08:34:18.742+0000] {logging_mixin.py:188} INFO - [2026-01-09T08:34:18.741+0000] {dag.py:3823} INFO - Setting next_dagrun for arsenal_auto_match_scraper to 2026-01-09 06:00:00+00:00, run_after=2026-01-09 08:00:00+00:00
[2026-01-09T08:34:18.803+0000] {processor.py:183} INFO - Processing /opt/airflow/dags/arsenal_auto_match_scraper.py took 0.319 seconds
[2026-01-09T08:34:48.980+0000] {processor.py:161} INFO - Started process (PID=39888) to work on /opt/airflow/dags/arsenal_auto_match_scraper.py
[2026-01-09T08:34:48.996+0000] {processor.py:830} INFO - Processing file /opt/airflow/dags/arsenal_auto_match_scraper.py for tasks to queue
[2026-01-09T08:34:48.998+0000] {logging_mixin.py:188} INFO - [2026-01-09T08:34:48.997+0000] {dagbag.py:538} INFO - Filling up the DagBag from /opt/airflow/dags/arsenal_auto_match_scraper.py
[2026-01-09T08:34:49.135+0000] {processor.py:840} INFO - DAG(s) 'arsenal_auto_match_scraper' retrieved from /opt/airflow/dags/arsenal_auto_match_scraper.py
[2026-01-09T08:34:49.188+0000] {logging_mixin.py:188} INFO - [2026-01-09T08:34:49.187+0000] {dag.py:3036} INFO - Sync 1 DAGs
[2026-01-09T08:34:49.238+0000] {logging_mixin.py:188} INFO - [2026-01-09T08:34:49.238+0000] {dag.py:3823} INFO - Setting next_dagrun for arsenal_auto_match_scraper to 2026-01-09 06:00:00+00:00, run_after=2026-01-09 08:00:00+00:00
[2026-01-09T08:34:49.303+0000] {processor.py:183} INFO - Processing /opt/airflow/dags/arsenal_auto_match_scraper.py took 0.332 seconds
[2026-01-09T08:35:20.268+0000] {processor.py:161} INFO - Started process (PID=39911) to work on /opt/airflow/dags/arsenal_auto_match_scraper.py
[2026-01-09T08:35:20.270+0000] {processor.py:830} INFO - Processing file /opt/airflow/dags/arsenal_auto_match_scraper.py for tasks to queue
[2026-01-09T08:35:20.272+0000] {logging_mixin.py:188} INFO - [2026-01-09T08:35:20.271+0000] {dagbag.py:538} INFO - Filling up the DagBag from /opt/airflow/dags/arsenal_auto_match_scraper.py
[2026-01-09T08:35:20.402+0000] {processor.py:840} INFO - DAG(s) 'arsenal_auto_match_scraper' retrieved from /opt/airflow/dags/arsenal_auto_match_scraper.py
[2026-01-09T08:35:20.458+0000] {logging_mixin.py:188} INFO - [2026-01-09T08:35:20.458+0000] {dag.py:3036} INFO - Sync 1 DAGs
[2026-01-09T08:35:20.510+0000] {logging_mixin.py:188} INFO - [2026-01-09T08:35:20.509+0000] {dag.py:3823} INFO - Setting next_dagrun for arsenal_auto_match_scraper to 2026-01-09 06:00:00+00:00, run_after=2026-01-09 08:00:00+00:00
[2026-01-09T08:35:20.568+0000] {processor.py:183} INFO - Processing /opt/airflow/dags/arsenal_auto_match_scraper.py took 0.306 seconds
[2026-01-09T08:35:50.868+0000] {processor.py:161} INFO - Started process (PID=39932) to work on /opt/airflow/dags/arsenal_auto_match_scraper.py
[2026-01-09T08:35:50.871+0000] {processor.py:830} INFO - Processing file /opt/airflow/dags/arsenal_auto_match_scraper.py for tasks to queue
[2026-01-09T08:35:50.873+0000] {logging_mixin.py:188} INFO - [2026-01-09T08:35:50.872+0000] {dagbag.py:538} INFO - Filling up the DagBag from /opt/airflow/dags/arsenal_auto_match_scraper.py
[2026-01-09T08:35:51.001+0000] {processor.py:840} INFO - DAG(s) 'arsenal_auto_match_scraper' retrieved from /opt/airflow/dags/arsenal_auto_match_scraper.py
[2026-01-09T08:35:51.054+0000] {logging_mixin.py:188} INFO - [2026-01-09T08:35:51.053+0000] {dag.py:3036} INFO - Sync 1 DAGs
[2026-01-09T08:35:51.106+0000] {logging_mixin.py:188} INFO - [2026-01-09T08:35:51.105+0000] {dag.py:3823} INFO - Setting next_dagrun for arsenal_auto_match_scraper to 2026-01-09 06:00:00+00:00, run_after=2026-01-09 08:00:00+00:00
[2026-01-09T08:35:51.174+0000] {processor.py:183} INFO - Processing /opt/airflow/dags/arsenal_auto_match_scraper.py took 0.313 seconds
[2026-01-09T08:36:21.516+0000] {processor.py:161} INFO - Started process (PID=39953) to work on /opt/airflow/dags/arsenal_auto_match_scraper.py
[2026-01-09T08:36:21.519+0000] {processor.py:830} INFO - Processing file /opt/airflow/dags/arsenal_auto_match_scraper.py for tasks to queue
[2026-01-09T08:36:21.521+0000] {logging_mixin.py:188} INFO - [2026-01-09T08:36:21.520+0000] {dagbag.py:538} INFO - Filling up the DagBag from /opt/airflow/dags/arsenal_auto_match_scraper.py
[2026-01-09T08:36:21.653+0000] {processor.py:840} INFO - DAG(s) 'arsenal_auto_match_scraper' retrieved from /opt/airflow/dags/arsenal_auto_match_scraper.py
[2026-01-09T08:36:21.719+0000] {logging_mixin.py:188} INFO - [2026-01-09T08:36:21.718+0000] {dag.py:3036} INFO - Sync 1 DAGs
[2026-01-09T08:36:21.772+0000] {logging_mixin.py:188} INFO - [2026-01-09T08:36:21.772+0000] {dag.py:3823} INFO - Setting next_dagrun for arsenal_auto_match_scraper to 2026-01-09 06:00:00+00:00, run_after=2026-01-09 08:00:00+00:00
[2026-01-09T08:36:21.827+0000] {processor.py:183} INFO - Processing /opt/airflow/dags/arsenal_auto_match_scraper.py took 0.318 seconds
[2026-01-09T08:36:53.402+0000] {processor.py:161} INFO - Started process (PID=39974) to work on /opt/airflow/dags/arsenal_auto_match_scraper.py
[2026-01-09T08:36:53.427+0000] {processor.py:830} INFO - Processing file /opt/airflow/dags/arsenal_auto_match_scraper.py for tasks to queue
[2026-01-09T08:36:53.429+0000] {logging_mixin.py:188} INFO - [2026-01-09T08:36:53.428+0000] {dagbag.py:538} INFO - Filling up the DagBag from /opt/airflow/dags/arsenal_auto_match_scraper.py
[2026-01-09T08:36:53.565+0000] {processor.py:840} INFO - DAG(s) 'arsenal_auto_match_scraper' retrieved from /opt/airflow/dags/arsenal_auto_match_scraper.py
[2026-01-09T08:36:53.630+0000] {logging_mixin.py:188} INFO - [2026-01-09T08:36:53.629+0000] {dag.py:3036} INFO - Sync 1 DAGs
[2026-01-09T08:36:53.705+0000] {logging_mixin.py:188} INFO - [2026-01-09T08:36:53.704+0000] {dag.py:3823} INFO - Setting next_dagrun for arsenal_auto_match_scraper to 2026-01-09 06:00:00+00:00, run_after=2026-01-09 08:00:00+00:00
[2026-01-09T08:36:53.797+0000] {processor.py:183} INFO - Processing /opt/airflow/dags/arsenal_auto_match_scraper.py took 0.402 seconds
[2026-01-09T08:37:24.017+0000] {processor.py:161} INFO - Started process (PID=39995) to work on /opt/airflow/dags/arsenal_auto_match_scraper.py
[2026-01-09T08:37:24.019+0000] {processor.py:830} INFO - Processing file /opt/airflow/dags/arsenal_auto_match_scraper.py for tasks to queue
[2026-01-09T08:37:24.021+0000] {logging_mixin.py:188} INFO - [2026-01-09T08:37:24.020+0000] {dagbag.py:538} INFO - Filling up the DagBag from /opt/airflow/dags/arsenal_auto_match_scraper.py
[2026-01-09T08:37:24.169+0000] {processor.py:840} INFO - DAG(s) 'arsenal_auto_match_scraper' retrieved from /opt/airflow/dags/arsenal_auto_match_scraper.py
[2026-01-09T08:37:24.224+0000] {logging_mixin.py:188} INFO - [2026-01-09T08:37:24.223+0000] {dag.py:3036} INFO - Sync 1 DAGs
[2026-01-09T08:37:24.276+0000] {logging_mixin.py:188} INFO - [2026-01-09T08:37:24.275+0000] {dag.py:3823} INFO - Setting next_dagrun for arsenal_auto_match_scraper to 2026-01-09 06:00:00+00:00, run_after=2026-01-09 08:00:00+00:00
[2026-01-09T08:37:24.332+0000] {processor.py:183} INFO - Processing /opt/airflow/dags/arsenal_auto_match_scraper.py took 0.322 seconds
[2026-01-09T08:37:54.686+0000] {processor.py:161} INFO - Started process (PID=40016) to work on /opt/airflow/dags/arsenal_auto_match_scraper.py
[2026-01-09T08:37:54.689+0000] {processor.py:830} INFO - Processing file /opt/airflow/dags/arsenal_auto_match_scraper.py for tasks to queue
[2026-01-09T08:37:54.691+0000] {logging_mixin.py:188} INFO - [2026-01-09T08:37:54.690+0000] {dagbag.py:538} INFO - Filling up the DagBag from /opt/airflow/dags/arsenal_auto_match_scraper.py
[2026-01-09T08:37:54.862+0000] {processor.py:840} INFO - DAG(s) 'arsenal_auto_match_scraper' retrieved from /opt/airflow/dags/arsenal_auto_match_scraper.py
[2026-01-09T08:37:54.924+0000] {logging_mixin.py:188} INFO - [2026-01-09T08:37:54.923+0000] {dag.py:3036} INFO - Sync 1 DAGs
[2026-01-09T08:37:54.989+0000] {logging_mixin.py:188} INFO - [2026-01-09T08:37:54.988+0000] {dag.py:3823} INFO - Setting next_dagrun for arsenal_auto_match_scraper to 2026-01-09 06:00:00+00:00, run_after=2026-01-09 08:00:00+00:00
[2026-01-09T08:37:55.059+0000] {processor.py:183} INFO - Processing /opt/airflow/dags/arsenal_auto_match_scraper.py took 0.382 seconds
[2026-01-09T08:38:25.300+0000] {processor.py:161} INFO - Started process (PID=40037) to work on /opt/airflow/dags/arsenal_auto_match_scraper.py
[2026-01-09T08:38:25.302+0000] {processor.py:830} INFO - Processing file /opt/airflow/dags/arsenal_auto_match_scraper.py for tasks to queue
[2026-01-09T08:38:25.303+0000] {logging_mixin.py:188} INFO - [2026-01-09T08:38:25.302+0000] {dagbag.py:538} INFO - Filling up the DagBag from /opt/airflow/dags/arsenal_auto_match_scraper.py
[2026-01-09T08:38:25.433+0000] {processor.py:840} INFO - DAG(s) 'arsenal_auto_match_scraper' retrieved from /opt/airflow/dags/arsenal_auto_match_scraper.py
[2026-01-09T08:38:25.488+0000] {logging_mixin.py:188} INFO - [2026-01-09T08:38:25.487+0000] {dag.py:3036} INFO - Sync 1 DAGs
[2026-01-09T08:38:25.541+0000] {logging_mixin.py:188} INFO - [2026-01-09T08:38:25.540+0000] {dag.py:3823} INFO - Setting next_dagrun for arsenal_auto_match_scraper to 2026-01-09 06:00:00+00:00, run_after=2026-01-09 08:00:00+00:00
[2026-01-09T08:38:25.606+0000] {processor.py:183} INFO - Processing /opt/airflow/dags/arsenal_auto_match_scraper.py took 0.313 seconds
[2026-01-09T08:38:55.909+0000] {processor.py:161} INFO - Started process (PID=40058) to work on /opt/airflow/dags/arsenal_auto_match_scraper.py
[2026-01-09T08:38:55.911+0000] {processor.py:830} INFO - Processing file /opt/airflow/dags/arsenal_auto_match_scraper.py for tasks to queue
[2026-01-09T08:38:55.913+0000] {logging_mixin.py:188} INFO - [2026-01-09T08:38:55.912+0000] {dagbag.py:538} INFO - Filling up the DagBag from /opt/airflow/dags/arsenal_auto_match_scraper.py
[2026-01-09T08:38:56.044+0000] {processor.py:840} INFO - DAG(s) 'arsenal_auto_match_scraper' retrieved from /opt/airflow/dags/arsenal_auto_match_scraper.py
[2026-01-09T08:38:56.097+0000] {logging_mixin.py:188} INFO - [2026-01-09T08:38:56.096+0000] {dag.py:3036} INFO - Sync 1 DAGs
[2026-01-09T08:38:56.160+0000] {logging_mixin.py:188} INFO - [2026-01-09T08:38:56.160+0000] {dag.py:3823} INFO - Setting next_dagrun for arsenal_auto_match_scraper to 2026-01-09 06:00:00+00:00, run_after=2026-01-09 08:00:00+00:00
[2026-01-09T08:38:56.214+0000] {processor.py:183} INFO - Processing /opt/airflow/dags/arsenal_auto_match_scraper.py took 0.312 seconds
[2026-01-09T08:39:26.526+0000] {processor.py:161} INFO - Started process (PID=40079) to work on /opt/airflow/dags/arsenal_auto_match_scraper.py
[2026-01-09T08:39:26.529+0000] {processor.py:830} INFO - Processing file /opt/airflow/dags/arsenal_auto_match_scraper.py for tasks to queue
[2026-01-09T08:39:26.531+0000] {logging_mixin.py:188} INFO - [2026-01-09T08:39:26.530+0000] {dagbag.py:538} INFO - Filling up the DagBag from /opt/airflow/dags/arsenal_auto_match_scraper.py
[2026-01-09T08:39:26.659+0000] {processor.py:840} INFO - DAG(s) 'arsenal_auto_match_scraper' retrieved from /opt/airflow/dags/arsenal_auto_match_scraper.py
[2026-01-09T08:39:26.713+0000] {logging_mixin.py:188} INFO - [2026-01-09T08:39:26.713+0000] {dag.py:3036} INFO - Sync 1 DAGs
[2026-01-09T08:39:26.764+0000] {logging_mixin.py:188} INFO - [2026-01-09T08:39:26.763+0000] {dag.py:3823} INFO - Setting next_dagrun for arsenal_auto_match_scraper to 2026-01-09 06:00:00+00:00, run_after=2026-01-09 08:00:00+00:00
[2026-01-09T08:39:26.829+0000] {processor.py:183} INFO - Processing /opt/airflow/dags/arsenal_auto_match_scraper.py took 0.312 seconds
[2026-01-09T08:39:57.197+0000] {processor.py:161} INFO - Started process (PID=40100) to work on /opt/airflow/dags/arsenal_auto_match_scraper.py
[2026-01-09T08:39:57.208+0000] {processor.py:830} INFO - Processing file /opt/airflow/dags/arsenal_auto_match_scraper.py for tasks to queue
[2026-01-09T08:39:57.210+0000] {logging_mixin.py:188} INFO - [2026-01-09T08:39:57.209+0000] {dagbag.py:538} INFO - Filling up the DagBag from /opt/airflow/dags/arsenal_auto_match_scraper.py
[2026-01-09T08:39:57.349+0000] {processor.py:840} INFO - DAG(s) 'arsenal_auto_match_scraper' retrieved from /opt/airflow/dags/arsenal_auto_match_scraper.py
[2026-01-09T08:39:57.403+0000] {logging_mixin.py:188} INFO - [2026-01-09T08:39:57.402+0000] {dag.py:3036} INFO - Sync 1 DAGs
[2026-01-09T08:39:57.454+0000] {logging_mixin.py:188} INFO - [2026-01-09T08:39:57.453+0000] {dag.py:3823} INFO - Setting next_dagrun for arsenal_auto_match_scraper to 2026-01-09 06:00:00+00:00, run_after=2026-01-09 08:00:00+00:00
[2026-01-09T08:39:57.514+0000] {processor.py:183} INFO - Processing /opt/airflow/dags/arsenal_auto_match_scraper.py took 0.325 seconds
[2026-01-09T08:40:27.853+0000] {processor.py:161} INFO - Started process (PID=40121) to work on /opt/airflow/dags/arsenal_auto_match_scraper.py
[2026-01-09T08:40:27.855+0000] {processor.py:830} INFO - Processing file /opt/airflow/dags/arsenal_auto_match_scraper.py for tasks to queue
[2026-01-09T08:40:27.857+0000] {logging_mixin.py:188} INFO - [2026-01-09T08:40:27.856+0000] {dagbag.py:538} INFO - Filling up the DagBag from /opt/airflow/dags/arsenal_auto_match_scraper.py
[2026-01-09T08:40:27.979+0000] {processor.py:840} INFO - DAG(s) 'arsenal_auto_match_scraper' retrieved from /opt/airflow/dags/arsenal_auto_match_scraper.py
[2026-01-09T08:40:28.032+0000] {logging_mixin.py:188} INFO - [2026-01-09T08:40:28.032+0000] {dag.py:3036} INFO - Sync 1 DAGs
[2026-01-09T08:40:28.089+0000] {logging_mixin.py:188} INFO - [2026-01-09T08:40:28.089+0000] {dag.py:3823} INFO - Setting next_dagrun for arsenal_auto_match_scraper to 2026-01-09 06:00:00+00:00, run_after=2026-01-09 08:00:00+00:00
[2026-01-09T08:40:28.149+0000] {processor.py:183} INFO - Processing /opt/airflow/dags/arsenal_auto_match_scraper.py took 0.303 seconds
