[2026-01-08T16:55:15.047+0000] {taskinstance.py:1956} INFO - Dependencies all met for dep_context=non-requeueable deps ti=<TaskInstance: arsenal_manual_match_scraper.run_dbt_transformations manual__2026-01-08T16:55:03.195116+00:00 [queued]>
[2026-01-08T16:55:15.061+0000] {taskinstance.py:1956} INFO - Dependencies all met for dep_context=requeueable deps ti=<TaskInstance: arsenal_manual_match_scraper.run_dbt_transformations manual__2026-01-08T16:55:03.195116+00:00 [queued]>
[2026-01-08T16:55:15.062+0000] {taskinstance.py:2170} INFO - Starting attempt 1 of 2
[2026-01-08T16:55:15.107+0000] {taskinstance.py:2191} INFO - Executing <Task(BashOperator): run_dbt_transformations> on 2026-01-08 16:55:03.195116+00:00
[2026-01-08T16:55:15.116+0000] {standard_task_runner.py:60} INFO - Started process 19470 to run task
[2026-01-08T16:55:15.122+0000] {standard_task_runner.py:87} INFO - Running: ['***', 'tasks', 'run', 'arsenal_manual_match_scraper', 'run_dbt_transformations', 'manual__2026-01-08T16:55:03.195116+00:00', '--job-id', '3', '--raw', '--subdir', 'DAGS_FOLDER/arsenal_manual_match_scraper.py', '--cfg-path', '/tmp/tmpm03p38fm']
[2026-01-08T16:55:15.126+0000] {standard_task_runner.py:88} INFO - Job 3: Subtask run_dbt_transformations
[2026-01-08T16:55:15.242+0000] {task_command.py:423} INFO - Running <TaskInstance: arsenal_manual_match_scraper.run_dbt_transformations manual__2026-01-08T16:55:03.195116+00:00 [running]> on host 58f686ded442
[2026-01-08T16:55:15.428+0000] {taskinstance.py:2480} INFO - Exporting env vars: AIRFLOW_CTX_DAG_OWNER='arsenal_analytics' AIRFLOW_CTX_DAG_ID='arsenal_manual_match_scraper' AIRFLOW_CTX_TASK_ID='run_dbt_transformations' AIRFLOW_CTX_EXECUTION_DATE='2026-01-08T16:55:03.195116+00:00' AIRFLOW_CTX_TRY_NUMBER='1' AIRFLOW_CTX_DAG_RUN_ID='manual__2026-01-08T16:55:03.195116+00:00'
[2026-01-08T16:55:15.430+0000] {subprocess.py:63} INFO - Tmp dir root location: /tmp
[2026-01-08T16:55:15.431+0000] {subprocess.py:75} INFO - Running command: ['/usr/bin/bash', '-c', 'cd /opt/***/dbt && dbt run --profiles-dir .']
[2026-01-08T16:55:15.452+0000] {subprocess.py:86} INFO - Output:
[2026-01-08T16:55:20.167+0000] {subprocess.py:97} INFO - Command exited with return code 2
[2026-01-08T16:55:20.195+0000] {taskinstance.py:2698} ERROR - Task failed with exception
Traceback (most recent call last):
  File "/home/airflow/.local/lib/python3.11/site-packages/airflow/models/taskinstance.py", line 433, in _execute_task
    result = execute_callable(context=context, **execute_callable_kwargs)
             ^^^^^^^^^^^^^^^^^^^^^^^^^^^^^^^^^^^^^^^^^^^^^^^^^^^^^^^^^^^^
  File "/home/airflow/.local/lib/python3.11/site-packages/airflow/operators/bash.py", line 212, in execute
    raise AirflowException(
airflow.exceptions.AirflowException: Bash command failed. The command returned a non-zero exit code 2.
[2026-01-08T16:55:20.227+0000] {taskinstance.py:1138} INFO - Marking task as UP_FOR_RETRY. dag_id=arsenal_manual_match_scraper, task_id=run_dbt_transformations, execution_date=20260108T165503, start_date=20260108T165515, end_date=20260108T165520
[2026-01-08T16:55:20.292+0000] {standard_task_runner.py:107} ERROR - Failed to execute job 3 for task run_dbt_transformations (Bash command failed. The command returned a non-zero exit code 2.; 19470)
[2026-01-08T16:55:20.321+0000] {local_task_job_runner.py:234} INFO - Task exited with return code 1
[2026-01-08T16:55:20.360+0000] {taskinstance.py:3280} INFO - 0 downstream tasks scheduled from follow-on schedule check
